#separator \x09
#set_separator	,
#empty_field	(empty)
#unset_field	-
#path	ocsp
#open	2023-03-21-13-18-09
#fields	ts	id	hashAlgorithm	issuerNameHash	issuerKeyHash	serialNumber	certStatus	revoketime	revokereason	thisUpdate	nextUpdate
#types	time	string	string	string	string	string	string	time	string	time	time
1679418194.015931	F2GXVh4aWeFuEhFmTk	sha1	E4E395A229D3D4C1C31FF0980C0B4EC0098AABD8	B76BA2EAA8AA848C79EAB4DA0F98B2C59576B9F4	074D758210A86528AE22D876FEC59682	good	-	-	1679341502.000000	1679943602.000000
1679418204.574444	FsULrH4DgvQhb628i	sha1	E4E395A229D3D4C1C31FF0980C0B4EC0098AABD8	B76BA2EAA8AA848C79EAB4DA0F98B2C59576B9F4	074D758210A86528AE22D876FEC59682	good	-	-	1679341502.000000	1679943602.000000
1679418302.988548	F4xnf83DhUqPg4Gsz8	sha1	48DAC9A0FB2BD32D4FF0DE68D2F567B735F9B3C4	142EB317B75856CBAE500940E61FAF9D8B14C2C6	0353E8BAE4DA2FA60FEC6E9641FA275C20BC	good	-	-	1679342400.000000	1679947198.000000
1679418302.990743	F1PDxuymTrdWeoS51	sha1	48DAC9A0FB2BD32D4FF0DE68D2F567B735F9B3C4	142EB317B75856CBAE500940E61FAF9D8B14C2C6	0353E8BAE4DA2FA60FEC6E9641FA275C20BC	good	-	-	1679342400.000000	1679947198.000000
1679418377.521646	FlANec4alarxFGG8c7	sha1	48DAC9A0FB2BD32D4FF0DE68D2F567B735F9B3C4	142EB317B75856CBAE500940E61FAF9D8B14C2C6	0353E8BAE4DA2FA60FEC6E9641FA275C20BC	good	-	-	1679342400.000000	1679947198.000000
1679418384.153508	Fn2XJw4glG6nl3qhW8	sha1	C72E798ADDFF6134B3BAED4742B8BBC6C0240763	8A747FAF85CDEE95CD3D9CD0E24614F371351D27	FEE43FD6309636060A4AD4B318B8C16C	good	-	-	1679322697.000000	1679923896.000000
1679418488.673856	FcQzaU1etLwY4E3ykk	sha1	CEE0C8B7FFEF2E788978781CBA5199C276C0FEFB	5055AB43A1AFA9482B5AC1A2878904E47A0ECADA	2A43DEEEA78A669D9A5C6196ECE252C8	good	-	-	1679389124.000000	1679446723.000000
1679418494.793154	FdtE3q1Z5l9nZnbmod	sha1	268487B38C50152997DBD4D17E37FF3F2EF31568	D87A94447C907090169EDD179C01440386D62A29	0790AAD3382E38E00DE8D91627AEE235	good	-	-	1679412105.000000	1679469704.000000
1679418539.704073	FH7kEbYiXjWogGPNb	sha1	84D56BF8098BD307B766D8E1EBAD6596AA6B6761	F5CDD53C0850F96A4F3AB797DA5683E669D268F7	38DC0D8633F271D89A03E449	good	-	-	1679421241.000000	1679766840.000000
1679418540.581966	FQB7UP1eQwydFdv7o	sha1	48DAC9A0FB2BD32D4FF0DE68D2F567B735F9B3C4	142EB317B75856CBAE500940E61FAF9D8B14C2C6	0389D9F74459C722417D21C6570272BDF83C	good	-	-	1679328000.000000	1679932798.000000
1679418540.585782	FLfYXv2EQHEwWn8gmg	sha1	48DAC9A0FB2BD32D4FF0DE68D2F567B735F9B3C4	142EB317B75856CBAE500940E61FAF9D8B14C2C6	0389D9F74459C722417D21C6570272BDF83C	good	-	-	1679328000.000000	1679932798.000000
1679418540.590068	FGZx2u1nt94ep2KLxi	sha1	48DAC9A0FB2BD32D4FF0DE68D2F567B735F9B3C4	142EB317B75856CBAE500940E61FAF9D8B14C2C6	0389D9F74459C722417D21C6570272BDF83C	good	-	-	1679328000.000000	1679932798.000000
1679418540.605222	F8iGT23G3OrHQ7od43	sha1	48DAC9A0FB2BD32D4FF0DE68D2F567B735F9B3C4	142EB317B75856CBAE500940E61FAF9D8B14C2C6	0389D9F74459C722417D21C6570272BDF83C	good	-	-	1679328000.000000	1679932798.000000
1679418540.857501	F8Ooi34GyRmxq4bkO5	sha1	48DAC9A0FB2BD32D4FF0DE68D2F567B735F9B3C4	142EB317B75856CBAE500940E61FAF9D8B14C2C6	0389D9F74459C722417D21C6570272BDF83C	good	-	-	1679328000.000000	1679932798.000000
#close	2023-03-21-13-18-10
